2014-05-28 00:00:37.469 [notice] <0.1575.0>@boss_web_controller_handle_request:handle_request:23 ApplicationForPath omak
2014-05-28 00:00:37.471 [info] <0.263.0> Loading routes from "/home/omarayad1/Documents/git/omak/priv/omak.routes" ....
2014-05-28 00:00:37.472 [info] <0.263.0>@boss_router_controller:route:171 Boss Route omak "index" "index" []
2014-05-28 00:00:37.475 [notice] <0.1575.0>@boss_controller_adapter_pmod:action:91 Request Method 'GET'
2014-05-28 00:00:37.475 [notice] <0.1575.0>@boss_controller_adapter_pmod:action:92 Tokens []
2014-05-28 00:00:37.478 [info] <0.1575.0> GET / [omak] 200 0ms
2014-05-28 00:01:18.476 [notice] <0.1582.0>@boss_web_controller_handle_request:handle_request:23 ApplicationForPath omak
2014-05-28 00:01:18.494 [info] <0.263.0> Loading routes from "/home/omarayad1/Documents/git/omak/priv/omak.routes" ....
2014-05-28 00:01:18.496 [info] <0.263.0>@boss_router_controller:route:171 Boss Route omak "index" "index" []
2014-05-28 00:01:18.506 [notice] <0.1582.0>@boss_controller_adapter_pmod:action:91 Request Method 'GET'
2014-05-28 00:01:18.506 [notice] <0.1582.0>@boss_controller_adapter_pmod:action:92 Tokens []
2014-05-28 00:01:18.518 [info] <0.1582.0> GET / [omak] 200 0ms
2014-05-28 00:01:31.765 [notice] <0.1589.0>@boss_web_controller_handle_request:handle_request:23 ApplicationForPath omak
2014-05-28 00:01:31.767 [info] <0.263.0> Loading routes from "/home/omarayad1/Documents/git/omak/priv/omak.routes" ....
2014-05-28 00:01:31.770 [info] <0.263.0>@boss_router_controller:route:171 Boss Route omak "index" "index" []
2014-05-28 00:01:31.773 [notice] <0.1589.0>@boss_controller_adapter_pmod:action:91 Request Method 'GET'
2014-05-28 00:01:31.773 [notice] <0.1589.0>@boss_controller_adapter_pmod:action:92 Tokens []
2014-05-28 00:01:31.776 [info] <0.1589.0> GET / [omak] 200 0ms
2014-05-28 00:01:37.370 [notice] <0.1596.0>@boss_web_controller_handle_request:handle_request:23 ApplicationForPath omak
2014-05-28 00:01:37.372 [info] <0.263.0> Loading routes from "/home/omarayad1/Documents/git/omak/priv/omak.routes" ....
2014-05-28 00:01:37.376 [info] <0.263.0>@boss_router_controller:route:171 Boss Route omak "index" "index" []
2014-05-28 00:01:37.385 [notice] <0.1596.0>@boss_controller_adapter_pmod:action:91 Request Method 'GET'
2014-05-28 00:01:37.385 [notice] <0.1596.0>@boss_controller_adapter_pmod:action:92 Tokens []
2014-05-28 00:01:37.389 [info] <0.1596.0> GET / [omak] 200 0ms
2014-05-28 00:02:23.791 [notice] <0.1599.0>@boss_web_controller_handle_request:handle_request:23 ApplicationForPath omak
2014-05-28 00:02:23.792 [info] <0.263.0> Loading routes from "/home/omarayad1/Documents/git/omak/priv/omak.routes" ....
2014-05-28 00:02:23.793 [info] <0.263.0>@boss_router_controller:route:171 Boss Route omak "index" "index" []
2014-05-28 00:02:23.795 [notice] <0.1599.0>@boss_controller_adapter_pmod:action:91 Request Method 'GET'
2014-05-28 00:02:23.795 [notice] <0.1599.0>@boss_controller_adapter_pmod:action:92 Tokens []
2014-05-28 00:02:23.800 [info] <0.1599.0> GET / [omak] 200 0ms
2014-05-28 00:02:44.720 [notice] <0.1604.0>@boss_web_controller_handle_request:handle_request:23 ApplicationForPath omak
2014-05-28 00:02:44.721 [info] <0.263.0> Loading routes from "/home/omarayad1/Documents/git/omak/priv/omak.routes" ....
2014-05-28 00:02:44.728 [info] <0.263.0>@boss_router_controller:route:171 Boss Route omak "index" "index" []
2014-05-28 00:02:44.734 [notice] <0.1604.0>@boss_controller_adapter_pmod:action:91 Request Method 'GET'
2014-05-28 00:02:44.735 [notice] <0.1604.0>@boss_controller_adapter_pmod:action:92 Tokens []
2014-05-28 00:02:44.738 [info] <0.1604.0> GET / [omak] 200 0ms
2014-05-28 00:02:53.934 [notice] <0.1608.0>@boss_web_controller_handle_request:handle_request:23 ApplicationForPath omak
2014-05-28 00:02:53.935 [info] <0.263.0> Loading routes from "/home/omarayad1/Documents/git/omak/priv/omak.routes" ....
2014-05-28 00:02:53.936 [info] <0.263.0>@boss_router_controller:route:171 Boss Route omak "index" "index" []
2014-05-28 00:02:53.939 [notice] <0.1608.0>@boss_controller_adapter_pmod:action:91 Request Method 'GET'
2014-05-28 00:02:53.939 [notice] <0.1608.0>@boss_controller_adapter_pmod:action:92 Tokens []
2014-05-28 00:02:53.942 [info] <0.1608.0> GET / [omak] 200 0ms
2014-05-28 00:02:58.684 [notice] <0.1610.0>@boss_web_controller_handle_request:handle_request:23 ApplicationForPath omak
2014-05-28 00:02:58.685 [info] <0.263.0> Loading routes from "/home/omarayad1/Documents/git/omak/priv/omak.routes" ....
2014-05-28 00:02:58.688 [info] <0.263.0>@boss_router_controller:route:171 Boss Route omak "index" "index" []
2014-05-28 00:02:58.692 [notice] <0.1610.0>@boss_controller_adapter_pmod:action:91 Request Method 'GET'
2014-05-28 00:02:58.692 [notice] <0.1610.0>@boss_controller_adapter_pmod:action:92 Tokens []
2014-05-28 00:02:58.695 [info] <0.1610.0> GET / [omak] 200 0ms
2014-05-28 00:04:54.798 [notice] <0.1615.0>@boss_web_controller_handle_request:handle_request:23 ApplicationForPath omak
2014-05-28 00:04:54.799 [info] <0.263.0> Loading routes from "/home/omarayad1/Documents/git/omak/priv/omak.routes" ....
2014-05-28 00:04:54.800 [info] <0.263.0>@boss_router_controller:route:171 Boss Route omak "index" "index" []
2014-05-28 00:04:54.806 [notice] <0.1615.0>@boss_controller_adapter_pmod:action:91 Request Method 'GET'
2014-05-28 00:04:54.806 [notice] <0.1615.0>@boss_controller_adapter_pmod:action:92 Tokens []
2014-05-28 00:04:54.812 [info] <0.1615.0> GET / [omak] 200 0ms
2014-05-28 00:08:11.930 [notice] <0.1621.0>@boss_web_controller_handle_request:handle_request:23 ApplicationForPath omak
2014-05-28 00:08:11.932 [info] <0.263.0> Loading routes from "/home/omarayad1/Documents/git/omak/priv/omak.routes" ....
2014-05-28 00:08:11.933 [info] <0.263.0>@boss_router_controller:route:171 Boss Route omak "index" "index" []
2014-05-28 00:08:11.938 [notice] <0.1621.0>@boss_controller_adapter_pmod:action:91 Request Method 'GET'
2014-05-28 00:08:11.939 [notice] <0.1621.0>@boss_controller_adapter_pmod:action:92 Tokens []
2014-05-28 00:08:11.944 [info] <0.1621.0> GET / [omak] 200 0ms
2014-05-28 00:11:02.467 [notice] <0.1627.0>@boss_web_controller_handle_request:handle_request:23 ApplicationForPath omak
2014-05-28 00:11:02.468 [info] <0.263.0> Loading routes from "/home/omarayad1/Documents/git/omak/priv/omak.routes" ....
2014-05-28 00:11:02.469 [info] <0.263.0>@boss_router_controller:route:171 Boss Route omak "index" "index" []
2014-05-28 00:11:02.473 [notice] <0.1627.0>@boss_controller_adapter_pmod:action:91 Request Method 'GET'
2014-05-28 00:11:02.473 [notice] <0.1627.0>@boss_controller_adapter_pmod:action:92 Tokens []
2014-05-28 00:11:02.476 [info] <0.1627.0> GET / [omak] 200 0ms
2014-05-28 00:19:04.049 [notice] <0.1633.0>@boss_web_controller_handle_request:handle_request:23 ApplicationForPath omak
2014-05-28 00:19:04.051 [info] <0.263.0> Loading routes from "/home/omarayad1/Documents/git/omak/priv/omak.routes" ....
2014-05-28 00:19:04.053 [info] <0.263.0>@boss_router_controller:route:171 Boss Route omak "index" "index" []
2014-05-28 00:19:04.059 [notice] <0.1633.0>@boss_controller_adapter_pmod:action:91 Request Method 'GET'
2014-05-28 00:19:04.059 [notice] <0.1633.0>@boss_controller_adapter_pmod:action:92 Tokens []
2014-05-28 00:19:04.072 [info] <0.1633.0> GET / [omak] 200 0ms
2014-05-28 00:23:28.632 [notice] <0.1639.0>@boss_web_controller_handle_request:handle_request:23 ApplicationForPath omak
2014-05-28 00:23:28.633 [info] <0.263.0> Loading routes from "/home/omarayad1/Documents/git/omak/priv/omak.routes" ....
2014-05-28 00:23:28.634 [info] <0.263.0>@boss_router_controller:route:171 Boss Route omak "index" "index" []
2014-05-28 00:23:28.639 [notice] <0.1639.0>@boss_controller_adapter_pmod:action:91 Request Method 'GET'
2014-05-28 00:23:28.639 [notice] <0.1639.0>@boss_controller_adapter_pmod:action:92 Tokens []
2014-05-28 00:23:28.642 [info] <0.1639.0> GET / [omak] 200 0ms
2014-05-28 00:23:46.748 [notice] <0.1645.0>@boss_web_controller_handle_request:handle_request:23 ApplicationForPath omak
2014-05-28 00:23:46.749 [info] <0.263.0> Loading routes from "/home/omarayad1/Documents/git/omak/priv/omak.routes" ....
2014-05-28 00:23:46.749 [info] <0.263.0>@boss_router_controller:route:171 Boss Route omak "index" "index" []
2014-05-28 00:23:46.755 [notice] <0.1645.0>@boss_controller_adapter_pmod:action:91 Request Method 'GET'
2014-05-28 00:23:46.755 [notice] <0.1645.0>@boss_controller_adapter_pmod:action:92 Tokens []
2014-05-28 00:23:46.758 [info] <0.1645.0> GET / [omak] 200 0ms
2014-05-28 00:24:45.394 [notice] <0.1651.0>@boss_web_controller_handle_request:handle_request:23 ApplicationForPath omak
2014-05-28 00:24:45.397 [info] <0.263.0> Loading routes from "/home/omarayad1/Documents/git/omak/priv/omak.routes" ....
2014-05-28 00:24:45.398 [info] <0.263.0>@boss_router_controller:route:171 Boss Route omak "index" "index" []
2014-05-28 00:24:45.401 [notice] <0.1651.0>@boss_controller_adapter_pmod:action:91 Request Method 'GET'
2014-05-28 00:24:45.401 [notice] <0.1651.0>@boss_controller_adapter_pmod:action:92 Tokens []
2014-05-28 00:24:45.410 [info] <0.1651.0> GET / [omak] 200 0ms
2014-05-28 00:26:48.100 [notice] <0.1657.0>@boss_web_controller_handle_request:handle_request:23 ApplicationForPath omak
2014-05-28 00:26:48.101 [info] <0.263.0> Loading routes from "/home/omarayad1/Documents/git/omak/priv/omak.routes" ....
2014-05-28 00:26:48.102 [info] <0.263.0>@boss_router_controller:route:171 Boss Route omak "index" "index" []
2014-05-28 00:26:48.109 [notice] <0.1657.0>@boss_controller_adapter_pmod:action:91 Request Method 'GET'
2014-05-28 00:26:48.109 [notice] <0.1657.0>@boss_controller_adapter_pmod:action:92 Tokens []
2014-05-28 00:26:48.113 [info] <0.1657.0> GET / [omak] 200 0ms
2014-05-28 00:26:52.908 [notice] <0.1660.0>@boss_web_controller_handle_request:handle_request:23 ApplicationForPath omak
2014-05-28 00:26:52.909 [info] <0.263.0> Loading routes from "/home/omarayad1/Documents/git/omak/priv/omak.routes" ....
2014-05-28 00:26:52.910 [info] <0.263.0>@boss_router_controller:route:171 Boss Route omak "index" "index" []
2014-05-28 00:26:52.915 [notice] <0.1660.0>@boss_controller_adapter_pmod:action:91 Request Method 'GET'
2014-05-28 00:26:52.915 [notice] <0.1660.0>@boss_controller_adapter_pmod:action:92 Tokens []
2014-05-28 00:26:52.918 [info] <0.1660.0> GET / [omak] 200 0ms
2014-05-28 00:27:30.910 [notice] <0.1665.0>@boss_web_controller_handle_request:handle_request:23 ApplicationForPath omak
2014-05-28 00:27:30.911 [info] <0.263.0> Loading routes from "/home/omarayad1/Documents/git/omak/priv/omak.routes" ....
2014-05-28 00:27:30.913 [info] <0.263.0>@boss_router_controller:route:171 Boss Route omak "index" "index" []
2014-05-28 00:27:30.920 [notice] <0.1665.0>@boss_controller_adapter_pmod:action:91 Request Method 'GET'
2014-05-28 00:27:30.920 [notice] <0.1665.0>@boss_controller_adapter_pmod:action:92 Tokens []
2014-05-28 00:27:30.925 [info] <0.1665.0> GET / [omak] 200 0ms
2014-05-28 00:29:03.444 [notice] <0.1671.0>@boss_web_controller_handle_request:handle_request:23 ApplicationForPath omak
2014-05-28 00:29:03.446 [info] <0.263.0> Loading routes from "/home/omarayad1/Documents/git/omak/priv/omak.routes" ....
2014-05-28 00:29:03.447 [info] <0.263.0>@boss_router_controller:route:171 Boss Route omak "index" "index" []
2014-05-28 00:29:03.452 [notice] <0.1671.0>@boss_controller_adapter_pmod:action:91 Request Method 'GET'
2014-05-28 00:29:03.452 [notice] <0.1671.0>@boss_controller_adapter_pmod:action:92 Tokens []
2014-05-28 00:29:03.454 [info] <0.1671.0> GET / [omak] 200 0ms
2014-05-28 00:30:14.595 [notice] <0.1677.0>@boss_web_controller_handle_request:handle_request:23 ApplicationForPath omak
2014-05-28 00:30:14.596 [info] <0.263.0> Loading routes from "/home/omarayad1/Documents/git/omak/priv/omak.routes" ....
2014-05-28 00:30:14.596 [info] <0.263.0>@boss_router_controller:route:171 Boss Route omak "index" "index" []
2014-05-28 00:30:14.599 [notice] <0.1677.0>@boss_controller_adapter_pmod:action:91 Request Method 'GET'
2014-05-28 00:30:14.599 [notice] <0.1677.0>@boss_controller_adapter_pmod:action:92 Tokens []
2014-05-28 00:30:14.602 [info] <0.1677.0> GET / [omak] 200 0ms
2014-05-28 00:30:30.370 [notice] <0.1683.0>@boss_web_controller_handle_request:handle_request:23 ApplicationForPath omak
2014-05-28 00:30:30.372 [info] <0.263.0> Loading routes from "/home/omarayad1/Documents/git/omak/priv/omak.routes" ....
2014-05-28 00:30:30.373 [info] <0.263.0>@boss_router_controller:route:171 Boss Route omak "index" "index" []
2014-05-28 00:30:30.376 [notice] <0.1683.0>@boss_controller_adapter_pmod:action:91 Request Method 'GET'
2014-05-28 00:30:30.376 [notice] <0.1683.0>@boss_controller_adapter_pmod:action:92 Tokens []
2014-05-28 00:30:30.379 [info] <0.1683.0> GET / [omak] 200 0ms
2014-05-28 00:31:02.866 [notice] <0.1689.0>@boss_web_controller_handle_request:handle_request:23 ApplicationForPath omak
2014-05-28 00:31:02.867 [info] <0.263.0> Loading routes from "/home/omarayad1/Documents/git/omak/priv/omak.routes" ....
2014-05-28 00:31:02.868 [info] <0.263.0>@boss_router_controller:route:171 Boss Route omak "index" "index" []
2014-05-28 00:31:02.872 [notice] <0.1689.0>@boss_controller_adapter_pmod:action:91 Request Method 'GET'
2014-05-28 00:31:02.873 [notice] <0.1689.0>@boss_controller_adapter_pmod:action:92 Tokens []
2014-05-28 00:31:03.000 [info] <0.1689.0> GET / [omak] 200 0ms
2014-05-28 00:31:44.223 [notice] <0.1696.0>@boss_web_controller_handle_request:handle_request:23 ApplicationForPath omak
2014-05-28 00:31:44.224 [info] <0.263.0> Loading routes from "/home/omarayad1/Documents/git/omak/priv/omak.routes" ....
2014-05-28 00:31:44.225 [info] <0.263.0>@boss_router_controller:route:171 Boss Route omak "index" "index" []
2014-05-28 00:31:44.230 [notice] <0.1696.0>@boss_controller_adapter_pmod:action:91 Request Method 'GET'
2014-05-28 00:31:44.230 [notice] <0.1696.0>@boss_controller_adapter_pmod:action:92 Tokens []
2014-05-28 00:31:44.232 [info] <0.1696.0> GET / [omak] 200 0ms
